<?xml version="1.0" encoding="UTF-8"?>
<!-- Generated by org.testng.reporters.JUnitReportReporter -->
<testsuite hostname="NatsenetDell" failures="0" tests="1" name="tsetCases.LoinTest" time="8.863" errors="0" timestamp="2023-09-28T19:09:37 IDT" skipped="0">
  <testcase classname="tsetCases.LoinTest" name="test_login" time="8.863"/>
  <system-out/>
</testsuite> <!-- tsetCases.LoinTest -->
