<?xml version="1.0" encoding="UTF-8"?>
<!-- Generated by org.testng.reporters.JUnitReportReporter -->
<testsuite hostname="NatsenetDell" failures="0" tests="5" name="tsetCases.LoginDDTest" time="92.029" errors="0" timestamp="2023-09-28T15:27:05 IDT" skipped="0">
  <testcase classname="tsetCases.LoginDDTest" name="test_loginDDT" time="17.990"/>
  <system-out/>
  <testcase classname="tsetCases.LoginDDTest" name="test_loginDDT" time="17.638"/>
  <system-out/>
  <testcase classname="tsetCases.LoginDDTest" name="test_loginDDT" time="17.038"/>
  <system-out/>
  <testcase classname="tsetCases.LoginDDTest" name="test_loginDDT" time="19.333"/>
  <system-out/>
  <testcase classname="tsetCases.LoginDDTest" name="test_loginDDT" time="20.030"/>
  <system-out/>
</testsuite> <!-- tsetCases.LoginDDTest -->
