<?xml version="1.0" encoding="UTF-8"?>
<!-- Generated by org.testng.reporters.JUnitReportReporter -->
<testsuite hostname="NatsenetDell" failures="0" tests="1" name="tsetCases.AccountRegistrationTest" time="9.139" errors="0" timestamp="2023-09-28T19:08:06 IDT" skipped="0">
  <testcase classname="tsetCases.AccountRegistrationTest" name="test_account_Registeration" time="9.139"/>
  <system-out/>
</testsuite> <!-- tsetCases.AccountRegistrationTest -->
