<?xml version="1.0" encoding="UTF-8"?>
<!-- Generated by org.testng.reporters.JUnitReportReporter -->
<testsuite hostname="NatsenetDell" failures="0" tests="1" name="tsetCases.AccountRegistrationTest" time="24.745" errors="0" timestamp="2023-10-02T00:47:20 IDT" skipped="0">
  <testcase classname="tsetCases.AccountRegistrationTest" name="test_account_Registeration" time="24.745"/>
  <system-out/>
</testsuite> <!-- tsetCases.AccountRegistrationTest -->
