<?xml version="1.0" encoding="UTF-8"?>
<!-- Generated by org.testng.reporters.JUnitReportReporter -->
<testsuite hostname="NatsenetDell" failures="0" tests="1" name="tsetCases.LoinTest" time="45.281" errors="0" timestamp="2023-10-01T13:44:24 IDT" skipped="0">
  <testcase classname="tsetCases.LoinTest" name="test_login" time="45.281"/>
  <system-out/>
</testsuite> <!-- tsetCases.LoinTest -->
