<?xml version="1.0" encoding="UTF-8"?>
<!-- Generated by org.testng.reporters.JUnitReportReporter -->
<testsuite hostname="NatsenetDell" failures="0" tests="1" name="tsetCases.LoinTest" time="10.720" errors="0" timestamp="2023-10-02T19:06:23 IDT" skipped="0">
  <testcase classname="tsetCases.LoinTest" name="test_login" time="10.720"/>
  <system-out/>
</testsuite> <!-- tsetCases.LoinTest -->
